<?xml version ="1.0" encoding="UTF-8"?>
<urlset xmlns="http://www.sitemaps.org/schemas/sitemap/0.9" xmlns:image="http://www.google.com/schemas/sitemap-image/1.1">
    <url><loc>https://www.vodafone.cz/</loc><lastmod>2020-06-01</lastmod><image:image><image:loc>https://www.vodafone.cz/public/galleries/17/16865/156x350__sony_xperia_l4_blue_celo.png</image:loc><image:title>Sony Xperia L4</image:title></image:image><image:image><image:loc>https://www.vodafone.cz/public/galleries/17/16866/162x350__huawei-p40_pro_silver_celo.png</image:loc><image:title>Huawei P40 Pro</image:title></image:image><image:image><image:loc>https://www.vodafone.cz/public/galleries/17/16867/221x350__samsung_galaxy_note_10_lite_black_celo_pero.png</image:loc><image:title>Galaxy Note 10+</image:title></image:image><image:image><image:loc>https://www.vodafone.cz/public/galleries/17/16868/172x350__iphone_se_2020_black_celo.png</image:loc><image:title>Apple iPhone SE 64 GB 2020</image:title></image:image><image:image><image:loc>https://www.vodafone.cz/public/galleries/17/16869/160x350__samsung_galaxy_s20_blue_celo.png</image:loc><image:title>Samsung Galaxy S20</image:title></image:image><image:image><image:loc>https://www.vodafone.cz/public/galleries/17/16870/166x350__xiaomi_redmi_note_8t_black_celo.png</image:loc><image:title>Xiaomi Redmi Note 8T</image:title></image:image><image:image><image:loc>https://www.vodafone.cz/public/galleries/17/16871/168x350__huawei_p30_lite_black_celo.png</image:loc><image:title>Huawei P30 Lite</image:title></image:image><image:image><image:loc>https://www.vodafone.cz/public/galleries/17/16872/163x350__samsung_galaxy_a71_blue_celo.png</image:loc><image:title>Samsung Galaxy A71</image:title></image:image></url>
    <url><loc>https://www.vodafone.cz/osobni/hledame-prodejce/</loc><lastmod>2016-01-06</lastmod></url>
    <url><loc>https://www.vodafone.cz/osobni/novy-web-vodafonu/</loc><lastmod>2016-01-06</lastmod></url>
    <url><loc>https://www.vodafone.cz/osobni/vodafone-znovu-venuje-reklamni-prostor-neziskovemu/</loc><lastmod>2016-01-06</lastmod></url>
</urlset>
